{"/Users/tien1106/Documents/Web project/Testing /RobotToyREA/index.js": {"path":"/Users/tien1106/Documents/Web project/Testing /RobotToyREA/index.js","statementMap":{"0":{"start":{"line":2,"column":12},"end":{"line":8,"column":1}},"1":{"start":{"line":12,"column":4},"end":{"line":12,"column":20}},"2":{"start":{"line":13,"column":4},"end":{"line":13,"column":20}},"3":{"start":{"line":14,"column":4},"end":{"line":18,"column":6}},"4":{"start":{"line":19,"column":4},"end":{"line":19,"column":20}},"5":{"start":{"line":20,"column":4},"end":{"line":20,"column":28}},"6":{"start":{"line":23,"column":17},"end":{"line":23,"column":19}},"7":{"start":{"line":24,"column":4},"end":{"line":26,"column":5}},"8":{"start":{"line":24,"column":17},"end":{"line":24,"column":18}},"9":{"start":{"line":25,"column":6},"end":{"line":25,"column":23}},"10":{"start":{"line":27,"column":4},"end":{"line":29,"column":5}},"11":{"start":{"line":27,"column":17},"end":{"line":27,"column":18}},"12":{"start":{"line":28,"column":6},"end":{"line":28,"column":30}},"13":{"start":{"line":30,"column":4},"end":{"line":30,"column":16}},"14":{"start":{"line":34,"column":0},"end":{"line":34,"column":54}},"15":{"start":{"line":35,"column":0},"end":{"line":35,"column":52}},"16":{"start":{"line":36,"column":0},"end":{"line":36,"column":56}},"17":{"start":{"line":37,"column":0},"end":{"line":37,"column":54}},"18":{"start":{"line":39,"column":15},"end":{"line":39,"column":30}},"19":{"start":{"line":40,"column":0},"end":{"line":44,"column":12}},"20":{"start":{"line":46,"column":0},"end":{"line":46,"column":23}}},"fnMap":{"0":{"name":"(anonymous_0)","decl":{"start":{"line":11,"column":2},"end":{"line":11,"column":3}},"loc":{"start":{"line":11,"column":20},"end":{"line":21,"column":3}},"line":11},"1":{"name":"(anonymous_1)","decl":{"start":{"line":22,"column":2},"end":{"line":22,"column":3}},"loc":{"start":{"line":22,"column":11},"end":{"line":31,"column":3}},"line":22}},"branchMap":{},"s":{"0":1,"1":15,"2":15,"3":15,"4":15,"5":15,"6":0,"7":0,"8":0,"9":0,"10":0,"11":0,"12":0,"13":0,"14":1,"15":1,"16":1,"17":1,"18":1,"19":1,"20":1},"f":{"0":15,"1":0},"b":{},"_coverageSchema":"43e27e138ebf9cfc5966b082cf9a028302ed4184","hash":"1e0fe1be27b7fe33b77d53a6166758180e0efb62"}
,"/Users/tien1106/Documents/Web project/Testing /RobotToyREA/components/move.js": {"path":"/Users/tien1106/Documents/Web project/Testing /RobotToyREA/components/move.js","statementMap":{"0":{"start":{"line":1,"column":0},"end":{"line":67,"column":2}},"1":{"start":{"line":2,"column":21},"end":{"line":2,"column":56}},"2":{"start":{"line":3,"column":21},"end":{"line":3,"column":53}},"3":{"start":{"line":4,"column":18},"end":{"line":4,"column":44}},"4":{"start":{"line":5,"column":20},"end":{"line":5,"column":42}},"5":{"start":{"line":7,"column":2},"end":{"line":66,"column":3}},"6":{"start":{"line":8,"column":4},"end":{"line":56,"column":5}},"7":{"start":{"line":9,"column":40},"end":{"line":9,"column":61}},"8":{"start":{"line":11,"column":18},"end":{"line":11,"column":20}},"9":{"start":{"line":12,"column":6},"end":{"line":12,"column":39}},"10":{"start":{"line":13,"column":6},"end":{"line":13,"column":34}},"11":{"start":{"line":14,"column":6},"end":{"line":54,"column":7}},"12":{"start":{"line":18,"column":10},"end":{"line":18,"column":28}},"13":{"start":{"line":20,"column":10},"end":{"line":22,"column":11}},"14":{"start":{"line":21,"column":12},"end":{"line":21,"column":31}},"15":{"start":{"line":23,"column":10},"end":{"line":23,"column":45}},"16":{"start":{"line":24,"column":10},"end":{"line":24,"column":16}},"17":{"start":{"line":28,"column":10},"end":{"line":28,"column":30}},"18":{"start":{"line":29,"column":10},"end":{"line":31,"column":11}},"19":{"start":{"line":30,"column":12},"end":{"line":30,"column":31}},"20":{"start":{"line":32,"column":10},"end":{"line":32,"column":45}},"21":{"start":{"line":33,"column":10},"end":{"line":33,"column":16}},"22":{"start":{"line":37,"column":10},"end":{"line":37,"column":30}},"23":{"start":{"line":38,"column":10},"end":{"line":40,"column":11}},"24":{"start":{"line":39,"column":12},"end":{"line":39,"column":31}},"25":{"start":{"line":41,"column":10},"end":{"line":41,"column":44}},"26":{"start":{"line":42,"column":10},"end":{"line":42,"column":16}},"27":{"start":{"line":46,"column":10},"end":{"line":46,"column":31}},"28":{"start":{"line":47,"column":10},"end":{"line":49,"column":11}},"29":{"start":{"line":48,"column":12},"end":{"line":48,"column":31}},"30":{"start":{"line":50,"column":10},"end":{"line":50,"column":44}},"31":{"start":{"line":51,"column":10},"end":{"line":51,"column":16}},"32":{"start":{"line":53,"column":10},"end":{"line":53,"column":16}},"33":{"start":{"line":55,"column":6},"end":{"line":55,"column":18}},"34":{"start":{"line":58,"column":25},"end":{"line":58,"column":46}},"35":{"start":{"line":59,"column":16},"end":{"line":59,"column":18}},"36":{"start":{"line":60,"column":4},"end":{"line":60,"column":37}},"37":{"start":{"line":61,"column":4},"end":{"line":61,"column":28}},"38":{"start":{"line":62,"column":4},"end":{"line":64,"column":5}},"39":{"start":{"line":63,"column":6},"end":{"line":63,"column":25}},"40":{"start":{"line":65,"column":4},"end":{"line":65,"column":16}}},"fnMap":{"0":{"name":"move","decl":{"start":{"line":1,"column":26},"end":{"line":1,"column":30}},"loc":{"start":{"line":1,"column":38},"end":{"line":67,"column":1}},"line":1}},"branchMap":{"0":{"loc":{"start":{"line":7,"column":2},"end":{"line":66,"column":3}},"type":"if","locations":[{"start":{"line":7,"column":2},"end":{"line":66,"column":3}},{"start":{"line":7,"column":2},"end":{"line":66,"column":3}}],"line":7},"1":{"loc":{"start":{"line":8,"column":4},"end":{"line":56,"column":5}},"type":"if","locations":[{"start":{"line":8,"column":4},"end":{"line":56,"column":5}},{"start":{"line":8,"column":4},"end":{"line":56,"column":5}}],"line":8},"2":{"loc":{"start":{"line":14,"column":6},"end":{"line":54,"column":7}},"type":"switch","locations":[{"start":{"line":15,"column":8},"end":{"line":15,"column":21}},{"start":{"line":16,"column":8},"end":{"line":24,"column":16}},{"start":{"line":25,"column":8},"end":{"line":25,"column":21}},{"start":{"line":26,"column":8},"end":{"line":33,"column":16}},{"start":{"line":34,"column":8},"end":{"line":34,"column":20}},{"start":{"line":35,"column":8},"end":{"line":42,"column":16}},{"start":{"line":43,"column":8},"end":{"line":43,"column":20}},{"start":{"line":44,"column":8},"end":{"line":51,"column":16}},{"start":{"line":52,"column":8},"end":{"line":53,"column":16}}],"line":14},"3":{"loc":{"start":{"line":20,"column":10},"end":{"line":22,"column":11}},"type":"if","locations":[{"start":{"line":20,"column":10},"end":{"line":22,"column":11}},{"start":{"line":20,"column":10},"end":{"line":22,"column":11}}],"line":20},"4":{"loc":{"start":{"line":29,"column":10},"end":{"line":31,"column":11}},"type":"if","locations":[{"start":{"line":29,"column":10},"end":{"line":31,"column":11}},{"start":{"line":29,"column":10},"end":{"line":31,"column":11}}],"line":29},"5":{"loc":{"start":{"line":38,"column":10},"end":{"line":40,"column":11}},"type":"if","locations":[{"start":{"line":38,"column":10},"end":{"line":40,"column":11}},{"start":{"line":38,"column":10},"end":{"line":40,"column":11}}],"line":38},"6":{"loc":{"start":{"line":47,"column":10},"end":{"line":49,"column":11}},"type":"if","locations":[{"start":{"line":47,"column":10},"end":{"line":49,"column":11}},{"start":{"line":47,"column":10},"end":{"line":49,"column":11}}],"line":47},"7":{"loc":{"start":{"line":62,"column":4},"end":{"line":64,"column":5}},"type":"if","locations":[{"start":{"line":62,"column":4},"end":{"line":64,"column":5}},{"start":{"line":62,"column":4},"end":{"line":64,"column":5}}],"line":62}},"s":{"0":1,"1":35,"2":35,"3":35,"4":35,"5":35,"6":27,"7":27,"8":27,"9":27,"10":27,"11":27,"12":4,"13":4,"14":4,"15":4,"16":4,"17":10,"18":10,"19":7,"20":10,"21":10,"22":5,"23":5,"24":2,"25":5,"26":5,"27":8,"28":8,"29":7,"30":8,"31":8,"32":0,"33":27,"34":8,"35":8,"36":8,"37":8,"38":8,"39":3,"40":8},"f":{"0":35},"b":{"0":[27,8],"1":[27,0],"2":[1,4,1,10,1,5,1,8,0],"3":[4,0],"4":[7,3],"5":[2,3],"6":[7,1],"7":[3,5]},"_coverageSchema":"43e27e138ebf9cfc5966b082cf9a028302ed4184","hash":"8af1f7622f21bae9454a1099ff3a4e0bc07a21b5"}
,"/Users/tien1106/Documents/Web project/Testing /RobotToyREA/components/movement.js": {"path":"/Users/tien1106/Documents/Web project/Testing /RobotToyREA/components/movement.js","statementMap":{"0":{"start":{"line":1,"column":18},"end":{"line":1,"column":40}},"1":{"start":{"line":3,"column":10},"end":{"line":3,"column":17}},"2":{"start":{"line":4,"column":10},"end":{"line":4,"column":17}},"3":{"start":{"line":5,"column":2},"end":{"line":5,"column":18}},"4":{"start":{"line":6,"column":2},"end":{"line":6,"column":15}},"5":{"start":{"line":9,"column":10},"end":{"line":9,"column":17}},"6":{"start":{"line":10,"column":10},"end":{"line":10,"column":17}},"7":{"start":{"line":11,"column":2},"end":{"line":11,"column":18}},"8":{"start":{"line":12,"column":2},"end":{"line":12,"column":15}},"9":{"start":{"line":15,"column":10},"end":{"line":15,"column":17}},"10":{"start":{"line":16,"column":10},"end":{"line":16,"column":17}},"11":{"start":{"line":17,"column":2},"end":{"line":17,"column":18}},"12":{"start":{"line":18,"column":2},"end":{"line":18,"column":15}},"13":{"start":{"line":21,"column":10},"end":{"line":21,"column":17}},"14":{"start":{"line":22,"column":10},"end":{"line":22,"column":17}},"15":{"start":{"line":23,"column":2},"end":{"line":23,"column":18}},"16":{"start":{"line":24,"column":2},"end":{"line":24,"column":15}},"17":{"start":{"line":27,"column":10},"end":{"line":27,"column":17}},"18":{"start":{"line":28,"column":10},"end":{"line":28,"column":17}},"19":{"start":{"line":29,"column":10},"end":{"line":29,"column":17}},"20":{"start":{"line":30,"column":20},"end":{"line":30,"column":42}},"21":{"start":{"line":32,"column":2},"end":{"line":47,"column":3}},"22":{"start":{"line":34,"column":6},"end":{"line":34,"column":10}},"23":{"start":{"line":35,"column":6},"end":{"line":35,"column":12}},"24":{"start":{"line":37,"column":6},"end":{"line":37,"column":10}},"25":{"start":{"line":38,"column":6},"end":{"line":38,"column":12}},"26":{"start":{"line":40,"column":6},"end":{"line":40,"column":10}},"27":{"start":{"line":41,"column":6},"end":{"line":41,"column":12}},"28":{"start":{"line":43,"column":6},"end":{"line":43,"column":10}},"29":{"start":{"line":44,"column":6},"end":{"line":44,"column":12}},"30":{"start":{"line":46,"column":6},"end":{"line":46,"column":12}},"31":{"start":{"line":48,"column":2},"end":{"line":48,"column":14}},"32":{"start":{"line":49,"column":2},"end":{"line":49,"column":14}},"33":{"start":{"line":50,"column":2},"end":{"line":50,"column":15}},"34":{"start":{"line":53,"column":0},"end":{"line":59,"column":2}}},"fnMap":{"0":{"name":"down","decl":{"start":{"line":2,"column":9},"end":{"line":2,"column":13}},"loc":{"start":{"line":2,"column":21},"end":{"line":7,"column":1}},"line":2},"1":{"name":"up","decl":{"start":{"line":8,"column":9},"end":{"line":8,"column":11}},"loc":{"start":{"line":8,"column":19},"end":{"line":13,"column":1}},"line":8},"2":{"name":"left","decl":{"start":{"line":14,"column":9},"end":{"line":14,"column":13}},"loc":{"start":{"line":14,"column":21},"end":{"line":19,"column":1}},"line":14},"3":{"name":"right","decl":{"start":{"line":20,"column":9},"end":{"line":20,"column":14}},"loc":{"start":{"line":20,"column":22},"end":{"line":25,"column":1}},"line":20},"4":{"name":"autoMove","decl":{"start":{"line":26,"column":9},"end":{"line":26,"column":17}},"loc":{"start":{"line":26,"column":25},"end":{"line":51,"column":1}},"line":26}},"branchMap":{"0":{"loc":{"start":{"line":32,"column":2},"end":{"line":47,"column":3}},"type":"switch","locations":[{"start":{"line":33,"column":4},"end":{"line":35,"column":12}},{"start":{"line":36,"column":4},"end":{"line":38,"column":12}},{"start":{"line":39,"column":4},"end":{"line":41,"column":12}},{"start":{"line":42,"column":4},"end":{"line":44,"column":12}},{"start":{"line":45,"column":4},"end":{"line":46,"column":12}}],"line":32}},"s":{"0":1,"1":10,"2":10,"3":10,"4":10,"5":4,"6":4,"7":4,"8":4,"9":5,"10":5,"11":5,"12":5,"13":8,"14":8,"15":8,"16":8,"17":8,"18":8,"19":8,"20":8,"21":8,"22":1,"23":1,"24":3,"25":3,"26":2,"27":2,"28":2,"29":2,"30":0,"31":8,"32":8,"33":8,"34":1},"f":{"0":10,"1":4,"2":5,"3":8,"4":8},"b":{"0":[1,3,2,2,0]},"_coverageSchema":"43e27e138ebf9cfc5966b082cf9a028302ed4184","hash":"18fc2e8a599ea6df4d76272b48a3a4a832c07cd0"}
,"/Users/tien1106/Documents/Web project/Testing /RobotToyREA/components/place.js": {"path":"/Users/tien1106/Documents/Web project/Testing /RobotToyREA/components/place.js","statementMap":{"0":{"start":{"line":1,"column":0},"end":{"line":13,"column":2}},"1":{"start":{"line":2,"column":21},"end":{"line":2,"column":56}},"2":{"start":{"line":3,"column":19},"end":{"line":3,"column":69}},"3":{"start":{"line":5,"column":2},"end":{"line":11,"column":3}},"4":{"start":{"line":6,"column":4},"end":{"line":10,"column":6}},"5":{"start":{"line":12,"column":2},"end":{"line":12,"column":14}}},"fnMap":{"0":{"name":"place","decl":{"start":{"line":1,"column":26},"end":{"line":1,"column":31}},"loc":{"start":{"line":1,"column":41},"end":{"line":13,"column":1}},"line":1}},"branchMap":{"0":{"loc":{"start":{"line":5,"column":2},"end":{"line":11,"column":3}},"type":"if","locations":[{"start":{"line":5,"column":2},"end":{"line":11,"column":3}},{"start":{"line":5,"column":2},"end":{"line":11,"column":3}}],"line":5}},"s":{"0":1,"1":9,"2":9,"3":9,"4":8,"5":9},"f":{"0":9},"b":{"0":[8,1]},"_coverageSchema":"43e27e138ebf9cfc5966b082cf9a028302ed4184","hash":"bd123be8afff06122d0f7115f368164fb5e6a737"}
,"/Users/tien1106/Documents/Web project/Testing /RobotToyREA/components/print.js": {"path":"/Users/tien1106/Documents/Web project/Testing /RobotToyREA/components/print.js","statementMap":{"0":{"start":{"line":1,"column":0},"end":{"line":22,"column":2}},"1":{"start":{"line":2,"column":2},"end":{"line":2,"column":43}},"2":{"start":{"line":3,"column":22},"end":{"line":3,"column":32}},"3":{"start":{"line":4,"column":12},"end":{"line":4,"column":32}},"4":{"start":{"line":5,"column":15},"end":{"line":5,"column":30}},"5":{"start":{"line":6,"column":2},"end":{"line":6,"column":25}},"6":{"start":{"line":7,"column":2},"end":{"line":7,"column":30}},"7":{"start":{"line":8,"column":2},"end":{"line":8,"column":67}},"8":{"start":{"line":9,"column":2},"end":{"line":9,"column":24}},"9":{"start":{"line":13,"column":22},"end":{"line":13,"column":44}},"10":{"start":{"line":14,"column":17},"end":{"line":14,"column":19}},"11":{"start":{"line":15,"column":4},"end":{"line":19,"column":7}},"12":{"start":{"line":16,"column":6},"end":{"line":18,"column":7}},"13":{"start":{"line":17,"column":8},"end":{"line":17,"column":29}},"14":{"start":{"line":20,"column":4},"end":{"line":20,"column":18}}},"fnMap":{"0":{"name":"print","decl":{"start":{"line":1,"column":26},"end":{"line":1,"column":31}},"loc":{"start":{"line":1,"column":34},"end":{"line":22,"column":1}},"line":1},"1":{"name":"createSymbol","decl":{"start":{"line":12,"column":11},"end":{"line":12,"column":23}},"loc":{"start":{"line":12,"column":27},"end":{"line":21,"column":3}},"line":12},"2":{"name":"(anonymous_2)","decl":{"start":{"line":15,"column":33},"end":{"line":15,"column":34}},"loc":{"start":{"line":15,"column":41},"end":{"line":19,"column":5}},"line":15}},"branchMap":{"0":{"loc":{"start":{"line":6,"column":11},"end":{"line":6,"column":24}},"type":"binary-expr","locations":[{"start":{"line":6,"column":11},"end":{"line":6,"column":17}},{"start":{"line":6,"column":21},"end":{"line":6,"column":24}}],"line":6},"1":{"loc":{"start":{"line":16,"column":6},"end":{"line":18,"column":7}},"type":"if","locations":[{"start":{"line":16,"column":6},"end":{"line":18,"column":7}},{"start":{"line":16,"column":6},"end":{"line":18,"column":7}}],"line":16}},"s":{"0":1,"1":0,"2":0,"3":0,"4":0,"5":0,"6":0,"7":0,"8":0,"9":0,"10":0,"11":0,"12":0,"13":0,"14":0},"f":{"0":0,"1":0,"2":0},"b":{"0":[0,0],"1":[0,0]},"_coverageSchema":"43e27e138ebf9cfc5966b082cf9a028302ed4184","hash":"3c927f07b6c77412c378e1dd2bc82864a27453fe"}
,"/Users/tien1106/Documents/Web project/Testing /RobotToyREA/components/report.js": {"path":"/Users/tien1106/Documents/Web project/Testing /RobotToyREA/components/report.js","statementMap":{"0":{"start":{"line":1,"column":0},"end":{"line":10,"column":2}},"1":{"start":{"line":2,"column":21},"end":{"line":2,"column":56}},"2":{"start":{"line":3,"column":21},"end":{"line":3,"column":53}},"3":{"start":{"line":5,"column":22},"end":{"line":5,"column":32}},"4":{"start":{"line":6,"column":2},"end":{"line":8,"column":4}},"5":{"start":{"line":9,"column":2},"end":{"line":9,"column":20}}},"fnMap":{"0":{"name":"(anonymous_0)","decl":{"start":{"line":1,"column":17},"end":{"line":1,"column":18}},"loc":{"start":{"line":1,"column":28},"end":{"line":10,"column":1}},"line":1}},"branchMap":{},"s":{"0":1,"1":21,"2":21,"3":21,"4":21,"5":21},"f":{"0":21},"b":{},"_coverageSchema":"43e27e138ebf9cfc5966b082cf9a028302ed4184","hash":"0a019fd726c00a38301ac3fe00274f94c32506f0"}
,"/Users/tien1106/Documents/Web project/Testing /RobotToyREA/components/validation.js": {"path":"/Users/tien1106/Documents/Web project/Testing /RobotToyREA/components/validation.js","statementMap":{"0":{"start":{"line":1,"column":0},"end":{"line":69,"column":2}},"1":{"start":{"line":3,"column":4},"end":{"line":3,"column":26}},"2":{"start":{"line":4,"column":4},"end":{"line":4,"column":26}},"3":{"start":{"line":7,"column":22},"end":{"line":7,"column":44}},"4":{"start":{"line":8,"column":4},"end":{"line":34,"column":23}},"5":{"start":{"line":9,"column":6},"end":{"line":14,"column":8}},"6":{"start":{"line":15,"column":6},"end":{"line":15,"column":19}},"7":{"start":{"line":16,"column":11},"end":{"line":34,"column":23}},"8":{"start":{"line":17,"column":6},"end":{"line":22,"column":8}},"9":{"start":{"line":23,"column":6},"end":{"line":23,"column":19}},"10":{"start":{"line":24,"column":11},"end":{"line":34,"column":23}},"11":{"start":{"line":30,"column":6},"end":{"line":32,"column":8}},"12":{"start":{"line":33,"column":6},"end":{"line":33,"column":19}},"13":{"start":{"line":34,"column":11},"end":{"line":34,"column":23}},"14":{"start":{"line":37,"column":12},"end":{"line":37,"column":19}},"15":{"start":{"line":38,"column":12},"end":{"line":38,"column":19}},"16":{"start":{"line":39,"column":12},"end":{"line":39,"column":19}},"17":{"start":{"line":40,"column":4},"end":{"line":40,"column":38}},"18":{"start":{"line":41,"column":4},"end":{"line":43,"column":24}},"19":{"start":{"line":42,"column":6},"end":{"line":42,"column":18}},"20":{"start":{"line":43,"column":11},"end":{"line":43,"column":24}},"21":{"start":{"line":46,"column":20},"end":{"line":55,"column":5}},"22":{"start":{"line":57,"column":4},"end":{"line":67,"column":5}},"23":{"start":{"line":58,"column":6},"end":{"line":58,"column":34}},"24":{"start":{"line":59,"column":6},"end":{"line":64,"column":25}},"25":{"start":{"line":60,"column":8},"end":{"line":62,"column":10}},"26":{"start":{"line":63,"column":8},"end":{"line":63,"column":21}},"27":{"start":{"line":64,"column":13},"end":{"line":64,"column":25}},"28":{"start":{"line":66,"column":6},"end":{"line":66,"column":19}}},"fnMap":{"0":{"name":"(anonymous_0)","decl":{"start":{"line":2,"column":2},"end":{"line":2,"column":3}},"loc":{"start":{"line":2,"column":30},"end":{"line":5,"column":3}},"line":2},"1":{"name":"(anonymous_1)","decl":{"start":{"line":6,"column":2},"end":{"line":6,"column":3}},"loc":{"start":{"line":6,"column":20},"end":{"line":35,"column":3}},"line":6},"2":{"name":"(anonymous_2)","decl":{"start":{"line":36,"column":2},"end":{"line":36,"column":3}},"loc":{"start":{"line":36,"column":22},"end":{"line":44,"column":3}},"line":36},"3":{"name":"(anonymous_3)","decl":{"start":{"line":45,"column":2},"end":{"line":45,"column":3}},"loc":{"start":{"line":45,"column":18},"end":{"line":68,"column":3}},"line":45}},"branchMap":{"0":{"loc":{"start":{"line":8,"column":4},"end":{"line":34,"column":23}},"type":"if","locations":[{"start":{"line":8,"column":4},"end":{"line":34,"column":23}},{"start":{"line":8,"column":4},"end":{"line":34,"column":23}}],"line":8},"1":{"loc":{"start":{"line":8,"column":8},"end":{"line":8,"column":33}},"type":"binary-expr","locations":[{"start":{"line":8,"column":8},"end":{"line":8,"column":13}},{"start":{"line":8,"column":17},"end":{"line":8,"column":33}}],"line":8},"2":{"loc":{"start":{"line":16,"column":11},"end":{"line":34,"column":23}},"type":"if","locations":[{"start":{"line":16,"column":11},"end":{"line":34,"column":23}},{"start":{"line":16,"column":11},"end":{"line":34,"column":23}}],"line":16},"3":{"loc":{"start":{"line":16,"column":15},"end":{"line":16,"column":40}},"type":"binary-expr","locations":[{"start":{"line":16,"column":15},"end":{"line":16,"column":20}},{"start":{"line":16,"column":24},"end":{"line":16,"column":40}}],"line":16},"4":{"loc":{"start":{"line":24,"column":11},"end":{"line":34,"column":23}},"type":"if","locations":[{"start":{"line":24,"column":11},"end":{"line":34,"column":23}},{"start":{"line":24,"column":11},"end":{"line":34,"column":23}}],"line":24},"5":{"loc":{"start":{"line":25,"column":6},"end":{"line":28,"column":30}},"type":"binary-expr","locations":[{"start":{"line":25,"column":6},"end":{"line":25,"column":31}},{"start":{"line":26,"column":6},"end":{"line":26,"column":31}},{"start":{"line":27,"column":6},"end":{"line":27,"column":30}},{"start":{"line":28,"column":6},"end":{"line":28,"column":30}}],"line":25},"6":{"loc":{"start":{"line":41,"column":4},"end":{"line":43,"column":24}},"type":"if","locations":[{"start":{"line":41,"column":4},"end":{"line":43,"column":24}},{"start":{"line":41,"column":4},"end":{"line":43,"column":24}}],"line":41},"7":{"loc":{"start":{"line":41,"column":8},"end":{"line":41,"column":66}},"type":"binary-expr","locations":[{"start":{"line":41,"column":8},"end":{"line":41,"column":25}},{"start":{"line":41,"column":29},"end":{"line":41,"column":35}},{"start":{"line":41,"column":39},"end":{"line":41,"column":56}},{"start":{"line":41,"column":60},"end":{"line":41,"column":66}}],"line":41},"8":{"loc":{"start":{"line":57,"column":4},"end":{"line":67,"column":5}},"type":"if","locations":[{"start":{"line":57,"column":4},"end":{"line":67,"column":5}},{"start":{"line":57,"column":4},"end":{"line":67,"column":5}}],"line":57},"9":{"loc":{"start":{"line":59,"column":6},"end":{"line":64,"column":25}},"type":"if","locations":[{"start":{"line":59,"column":6},"end":{"line":64,"column":25}},{"start":{"line":59,"column":6},"end":{"line":64,"column":25}}],"line":59}},"s":{"0":1,"1":65,"2":65,"3":9,"4":9,"5":1,"6":1,"7":8,"8":0,"9":0,"10":8,"11":0,"12":0,"13":8,"14":35,"15":35,"16":35,"17":35,"18":35,"19":23,"20":12,"21":35,"22":35,"23":27,"24":27,"25":0,"26":0,"27":27,"28":8},"f":{"0":65,"1":9,"2":35,"3":35},"b":{"0":[1,8],"1":[9,9],"2":[0,8],"3":[8,8],"4":[0,8],"5":[8,1,1,1],"6":[23,12],"7":[35,33,28,28],"8":[27,8],"9":[0,27]},"_coverageSchema":"43e27e138ebf9cfc5966b082cf9a028302ed4184","hash":"e95a29a47294c289c4dfe7a2a0ef9865f55a40ee"}
,"/Users/tien1106/Documents/Web project/Testing /RobotToyREA/variable/index.js": {"path":"/Users/tien1106/Documents/Web project/Testing /RobotToyREA/variable/index.js","statementMap":{"0":{"start":{"line":3,"column":16},"end":{"line":28,"column":1}},"1":{"start":{"line":29,"column":0},"end":{"line":29,"column":27}}},"fnMap":{},"branchMap":{},"s":{"0":1,"1":1},"f":{},"b":{},"_coverageSchema":"43e27e138ebf9cfc5966b082cf9a028302ed4184","hash":"07b89a6c504047df200a81cc1d75dfbf12abe4b7"}
}
