TN:
SF:/Users/tien1106/Documents/Web project/Testing /RobotToyREA/index.js
FN:11,(anonymous_0)
FN:22,(anonymous_1)
FNF:2
FNH:1
FNDA:15,(anonymous_0)
FNDA:0,(anonymous_1)
DA:2,1
DA:12,15
DA:13,15
DA:14,15
DA:19,15
DA:20,15
DA:23,0
DA:24,0
DA:25,0
DA:27,0
DA:28,0
DA:30,0
DA:34,1
DA:35,1
DA:36,1
DA:37,1
DA:39,1
DA:40,1
DA:46,1
LF:19
LH:13
BRF:0
BRH:0
end_of_record
TN:
SF:/Users/tien1106/Documents/Web project/Testing /RobotToyREA/components/move.js
FN:1,move
FNF:1
FNH:1
FNDA:35,move
DA:1,1
DA:2,35
DA:3,35
DA:4,35
DA:5,35
DA:7,35
DA:8,27
DA:9,27
DA:11,27
DA:12,27
DA:13,27
DA:14,27
DA:18,4
DA:20,4
DA:21,4
DA:23,4
DA:24,4
DA:28,10
DA:29,10
DA:30,7
DA:32,10
DA:33,10
DA:37,5
DA:38,5
DA:39,2
DA:41,5
DA:42,5
DA:46,8
DA:47,8
DA:48,7
DA:50,8
DA:51,8
DA:53,0
DA:55,27
DA:58,8
DA:59,8
DA:60,8
DA:61,8
DA:62,8
DA:63,3
DA:65,8
LF:41
LH:40
BRDA:7,0,0,27
BRDA:7,0,1,8
BRDA:8,1,0,27
BRDA:8,1,1,0
BRDA:14,2,0,1
BRDA:14,2,1,4
BRDA:14,2,2,1
BRDA:14,2,3,10
BRDA:14,2,4,1
BRDA:14,2,5,5
BRDA:14,2,6,1
BRDA:14,2,7,8
BRDA:14,2,8,0
BRDA:20,3,0,4
BRDA:20,3,1,0
BRDA:29,4,0,7
BRDA:29,4,1,3
BRDA:38,5,0,2
BRDA:38,5,1,3
BRDA:47,6,0,7
BRDA:47,6,1,1
BRDA:62,7,0,3
BRDA:62,7,1,5
BRF:23
BRH:20
end_of_record
TN:
SF:/Users/tien1106/Documents/Web project/Testing /RobotToyREA/components/movement.js
FN:2,down
FN:8,up
FN:14,left
FN:20,right
FN:26,autoMove
FNF:5
FNH:5
FNDA:10,down
FNDA:4,up
FNDA:5,left
FNDA:8,right
FNDA:8,autoMove
DA:1,1
DA:3,10
DA:4,10
DA:5,10
DA:6,10
DA:9,4
DA:10,4
DA:11,4
DA:12,4
DA:15,5
DA:16,5
DA:17,5
DA:18,5
DA:21,8
DA:22,8
DA:23,8
DA:24,8
DA:27,8
DA:28,8
DA:29,8
DA:30,8
DA:32,8
DA:34,1
DA:35,1
DA:37,3
DA:38,3
DA:40,2
DA:41,2
DA:43,2
DA:44,2
DA:46,0
DA:48,8
DA:49,8
DA:50,8
DA:53,1
LF:35
LH:34
BRDA:32,0,0,1
BRDA:32,0,1,3
BRDA:32,0,2,2
BRDA:32,0,3,2
BRDA:32,0,4,0
BRF:5
BRH:4
end_of_record
TN:
SF:/Users/tien1106/Documents/Web project/Testing /RobotToyREA/components/place.js
FN:1,place
FNF:1
FNH:1
FNDA:9,place
DA:1,1
DA:2,9
DA:3,9
DA:5,9
DA:6,8
DA:12,9
LF:6
LH:6
BRDA:5,0,0,8
BRDA:5,0,1,1
BRF:2
BRH:2
end_of_record
TN:
SF:/Users/tien1106/Documents/Web project/Testing /RobotToyREA/components/print.js
FN:1,print
FN:12,createSymbol
FN:15,(anonymous_2)
FNF:3
FNH:0
FNDA:0,print
FNDA:0,createSymbol
FNDA:0,(anonymous_2)
DA:1,1
DA:2,0
DA:3,0
DA:4,0
DA:5,0
DA:6,0
DA:7,0
DA:8,0
DA:9,0
DA:13,0
DA:14,0
DA:15,0
DA:16,0
DA:17,0
DA:20,0
LF:15
LH:1
BRDA:6,0,0,0
BRDA:6,0,1,0
BRDA:16,1,0,0
BRDA:16,1,1,0
BRF:4
BRH:0
end_of_record
TN:
SF:/Users/tien1106/Documents/Web project/Testing /RobotToyREA/components/report.js
FN:1,(anonymous_0)
FNF:1
FNH:1
FNDA:21,(anonymous_0)
DA:1,1
DA:2,21
DA:3,21
DA:5,21
DA:6,21
DA:9,21
LF:6
LH:6
BRF:0
BRH:0
end_of_record
TN:
SF:/Users/tien1106/Documents/Web project/Testing /RobotToyREA/components/validation.js
FN:2,(anonymous_0)
FN:6,(anonymous_1)
FN:36,(anonymous_2)
FN:45,(anonymous_3)
FNF:4
FNH:4
FNDA:65,(anonymous_0)
FNDA:9,(anonymous_1)
FNDA:35,(anonymous_2)
FNDA:35,(anonymous_3)
DA:1,1
DA:3,65
DA:4,65
DA:7,9
DA:8,9
DA:9,1
DA:15,1
DA:16,8
DA:17,0
DA:23,0
DA:24,8
DA:30,0
DA:33,0
DA:34,8
DA:37,35
DA:38,35
DA:39,35
DA:40,35
DA:41,35
DA:42,23
DA:43,12
DA:46,35
DA:57,35
DA:58,27
DA:59,27
DA:60,0
DA:63,0
DA:64,27
DA:66,8
LF:29
LH:23
BRDA:8,0,0,1
BRDA:8,0,1,8
BRDA:8,1,0,9
BRDA:8,1,1,9
BRDA:16,2,0,0
BRDA:16,2,1,8
BRDA:16,3,0,8
BRDA:16,3,1,8
BRDA:24,4,0,0
BRDA:24,4,1,8
BRDA:25,5,0,8
BRDA:25,5,1,1
BRDA:25,5,2,1
BRDA:25,5,3,1
BRDA:41,6,0,23
BRDA:41,6,1,12
BRDA:41,7,0,35
BRDA:41,7,1,33
BRDA:41,7,2,28
BRDA:41,7,3,28
BRDA:57,8,0,27
BRDA:57,8,1,8
BRDA:59,9,0,0
BRDA:59,9,1,27
BRF:24
BRH:21
end_of_record
TN:
SF:/Users/tien1106/Documents/Web project/Testing /RobotToyREA/variable/index.js
FNF:0
FNH:0
DA:3,1
DA:29,1
LF:2
LH:2
BRF:0
BRH:0
end_of_record
